<?xml version="1.0" encoding="UTF-8"?>
<testsuite xmlns:xsi="http://www.w3.org/2001/XMLSchema-instance" xsi:noNamespaceSchemaLocation="https://maven.apache.org/surefire/maven-surefire-plugin/xsd/surefire-test-report-3.0.xsd" version="3.0" name="com.okane.service.impl.UserServiceImplTest$DeleteUser" time="0.085" tests="3" errors="0" skipped="0" failures="0">
  <properties>
[...]
</properties>
  <testcase name="shouldThrowWhenNotFound" classname="com.okane.service.impl.UserServiceImplTest$DeleteUser" time="0.069"/>
  <testcase name="shouldAnonymizeAndSoftDelete" classname="com.okane.service.impl.UserServiceImplTest$DeleteUser" time="0.007"/>
  <testcase name="shouldGenerateUniqueAnonymToken" classname="com.okane.service.impl.UserServiceImplTest$DeleteUser" time="0.005"/>
</testsuite>